<?xml version="1.0" encoding="UTF-8"?>
<testsuite name="com.nuxsoftware.bingo.core.StripPositionGeneratorTest" tests="5" skipped="0" failures="0" errors="0" timestamp="2023-04-19T12:13:22" hostname="mac-pl-wojole.local" time="0.071">
  <properties/>
  <testcase name="countOfColumnsNeedToBeNine()" classname="com.nuxsoftware.bingo.core.StripPositionGeneratorTest" time="0.056"/>
  <testcase name="countOfNumbersInFirstColumn()" classname="com.nuxsoftware.bingo.core.StripPositionGeneratorTest" time="0.008"/>
  <testcase name="countOfNumbersInNineColumn()" classname="com.nuxsoftware.bingo.core.StripPositionGeneratorTest" time="0.002"/>
  <testcase name="countOfNumbersInSecondToEightColumns()" classname="com.nuxsoftware.bingo.core.StripPositionGeneratorTest" time="0.002"/>
  <testcase name="countOfBlankSpacesNeedToBeFive()" classname="com.nuxsoftware.bingo.core.StripPositionGeneratorTest" time="0.002"/>
  <system-out><![CDATA[]]></system-out>
  <system-err><![CDATA[]]></system-err>
</testsuite>
