<?xml version="1.0" encoding="UTF-8"?>
<testsuite name="com.nuxsoftware.bingo.core.StripNumberGeneratorTest" tests="4" skipped="0" failures="0" errors="0" timestamp="2023-04-19T12:13:22" hostname="mac-pl-wojole.local" time="0.015">
  <properties/>
  <testcase name="noDuplicatesInStrip()" classname="com.nuxsoftware.bingo.core.StripNumberGeneratorTest" time="0.004"/>
  <testcase name="numbersProperlyArrangedInSecondToEightColumns()" classname="com.nuxsoftware.bingo.core.StripNumberGeneratorTest" time="0.005"/>
  <testcase name="numbersProperlyArrangedInFirstColumn()" classname="com.nuxsoftware.bingo.core.StripNumberGeneratorTest" time="0.001"/>
  <testcase name="allNumbersAreInserted()" classname="com.nuxsoftware.bingo.core.StripNumberGeneratorTest" time="0.004"/>
  <system-out><![CDATA[]]></system-out>
  <system-err><![CDATA[]]></system-err>
</testsuite>
